<?xml version="1.0" encoding="UTF-8"?>
<!-- Generated by org.testng.reporters.JUnitReportReporter -->
<testsuite hostname="DESKTOP-CJA0QNI" failures="0" tests="2" name="com.dhl.test.LoginTest" time="11.278" errors="0" timestamp="2023-10-31T09:05:58 GMT" skipped="0">
  <testcase classname="com.dhl.test.LoginTest" name="invalidLoginTest" time="6.308"/>
  <testcase classname="com.dhl.test.LoginTest" name="invalidLoginTest" time="4.970"/>
</testsuite> <!-- com.dhl.test.LoginTest -->
