<?xml version="1.0" encoding="UTF-8"?>
<!-- Generated by org.testng.reporters.JUnitReportReporter -->
<testsuite hostname="DESKTOP-CJA0QNI" failures="0" tests="2" name="com.dhl.test.LoginTest" time="13.020" errors="0" timestamp="2023-10-30T09:44:37 GMT" skipped="0">
  <testcase classname="com.dhl.test.LoginTest" name="validLoginTest" time="5.997"/>
  <testcase classname="com.dhl.test.LoginTest" name="invalidLoginTest" time="7.023"/>
</testsuite> <!-- com.dhl.test.LoginTest -->
