<?xml version="1.0" encoding="UTF-8"?>
<!-- Generated by org.testng.reporters.JUnitReportReporter -->
<testsuite hostname="DESKTOP-CJA0QNI" failures="0" tests="1" name="com.dhl.test.LoginTest" time="15.509" errors="0" timestamp="2023-11-01T06:58:57 GMT" skipped="0">
  <testcase classname="com.dhl.test.LoginTest" name="validLoginTest" time="15.509"/>
</testsuite> <!-- com.dhl.test.LoginTest -->
