<?xml version="1.0" encoding="UTF-8"?>
<!-- Generated by org.testng.reporters.JUnitReportReporter -->
<testsuite hostname="DESKTOP-CJA0QNI" failures="0" tests="1" name="com.dhl.test.LoginUITest" time="5.105" errors="0" timestamp="2023-11-01T09:47:43 GMT" skipped="0">
  <testcase classname="com.dhl.test.LoginUITest" name="titleTest" time="5.105"/>
</testsuite> <!-- com.dhl.test.LoginUITest -->
