<?xml version="1.0" encoding="UTF-8"?>
<!-- Generated by org.testng.reporters.JUnitReportReporter -->
<testsuite hostname="DESKTOP-CJA0QNI" failures="0" tests="1" name="com.dhl.test.LoginTest" time="119.754" errors="0" timestamp="2023-10-31T06:49:05 GMT" skipped="0">
  <testcase classname="com.dhl.test.LoginTest" name="validLoginTest" time="119.754"/>
</testsuite> <!-- com.dhl.test.LoginTest -->
