<?xml version="1.0" encoding="UTF-8"?>
<!-- Generated by org.testng.reporters.JUnitReportReporter -->
<testsuite hostname="DESKTOP-CJA0QNI" failures="0" tests="2" name="com.dhl.test.LoginUITest" time="8.010" errors="0" timestamp="2023-11-02T06:43:56 GMT" skipped="0">
  <testcase classname="com.dhl.test.LoginUITest" name="titleTest" time="4.096"/>
  <testcase classname="com.dhl.test.LoginUITest" name="placeholderTest" time="3.914"/>
</testsuite> <!-- com.dhl.test.LoginUITest -->
