<?xml version="1.0" encoding="UTF-8"?>
<!-- Generated by org.testng.reporters.JUnitReportReporter -->
<testsuite hostname="DESKTOP-CJA0QNI" failures="0" tests="2" name="com.dhl.test.LoginUITest" time="11.895" errors="0" timestamp="2023-11-03T10:28:29 GMT" skipped="0">
  <testcase classname="com.dhl.test.LoginUITest" name="placeholderTest" time="6.449"/>
  <testcase classname="com.dhl.test.LoginUITest" name="titleTest" time="5.446"/>
</testsuite> <!-- com.dhl.test.LoginUITest -->
